<?xml version="1.0" encoding="UTF-8"?>
<!-- Generated by org.testng.reporters.JUnitReportReporter -->
<testsuite hostname="IE11Win7" name="src.reg.tests.event10.SignInStartFeatured" tests="2" failures="0" timestamp="2 May 2016 20:54:57 GMT" time="22.026" errors="0">
  <testcase name="generateEvent10" time="11.448" classname="src.reg.tests.event10.SignInStartFeatured"/>
  <testcase name="generateEvent10" time="10.578" classname="src.reg.tests.event10.SignInStartFeatured"/>
</testsuite> <!-- src.reg.tests.event10.SignInStartFeatured -->
