<?xml version="1.0" encoding="UTF-8"?>
<!-- Generated by org.testng.reporters.JUnitReportReporter -->
<testsuite hostname="IE11Win7" name="src.reg.tests.event52.NavigationClickMyCollection" tests="2" failures="0" timestamp="2 May 2016 20:54:57 GMT" time="24.109" errors="0">
  <testcase name="executeTest" time="11.090" classname="src.reg.tests.event52.NavigationClickMyCollection"/>
  <testcase name="executeTest" time="13.019" classname="src.reg.tests.event52.NavigationClickMyCollection"/>
</testsuite> <!-- src.reg.tests.event52.NavigationClickMyCollection -->
