<?xml version="1.0" encoding="UTF-8"?>
<!-- Generated by org.testng.reporters.JUnitReportReporter -->
<testsuite hostname="IE11Win7" name="src.reg.tests.event10.SignInStartDiscover" tests="1" failures="0" timestamp="2 May 2016 18:06:22 GMT" time="12.907" errors="0">
  <testcase name="generateEvent10" time="12.907" classname="src.reg.tests.event10.SignInStartDiscover"/>
</testsuite> <!-- src.reg.tests.event10.SignInStartDiscover -->
