<?xml version="1.0" encoding="UTF-8"?>
<!-- Generated by org.testng.reporters.JUnitReportReporter -->
<testsuite hostname="IE11Win7" name="src.reg.tests.Event1" tests="1" failures="0" timestamp="28 Apr 2016 23:36:36 GMT" time="14.834" errors="0">
  <testcase name="discoverThumbnail" time="14.834" classname="src.reg.tests.Event1"/>
</testsuite> <!-- src.reg.tests.Event1 -->
