<?xml version="1.0" encoding="UTF-8"?>
<!-- Generated by org.testng.reporters.JUnitReportReporter -->
<testsuite hostname="IE11Win7" name="src.reg.tests.event31.SignInComplete" tests="2" failures="0" timestamp="2 May 2016 20:54:57 GMT" time="28.501" errors="0">
  <testcase name="generateEvent31" time="17.186" classname="src.reg.tests.event31.SignInComplete"/>
  <testcase name="generateEvent31" time="11.315" classname="src.reg.tests.event31.SignInComplete"/>
</testsuite> <!-- src.reg.tests.event31.SignInComplete -->
