<?xml version="1.0" encoding="UTF-8"?>
<!-- Generated by org.testng.reporters.JUnitReportReporter -->
<testsuite hostname="IE11Win7" name="src.reg.tests.event1.AssetStartBonus" tests="1" failures="0" timestamp="3 May 2016 21:25:39 GMT" time="54.841" errors="0">
  <testcase name="bonusPlayMovieDetailsSignedIn" time="54.841" classname="src.reg.tests.event1.AssetStartBonus"/>
</testsuite> <!-- src.reg.tests.event1.AssetStartBonus -->
