<?xml version="1.0" encoding="UTF-8"?>
<!-- Generated by org.testng.reporters.JUnitReportReporter -->
<testsuite hostname="IE11Win7" name="src.reg.tests.event1.AssetStartDiscover" tests="1" failures="0" timestamp="3 May 2016 21:25:39 GMT" time="29.802" errors="0">
  <testcase name="bonusPlayMovieDetailsSignedIn" time="29.802" classname="src.reg.tests.event1.AssetStartDiscover"/>
</testsuite> <!-- src.reg.tests.event1.AssetStartDiscover -->
