<?xml version="1.0" encoding="UTF-8"?>
<!-- Generated by org.testng.reporters.JUnitReportReporter -->
<testsuite hostname="IE11Win7" name="src.reg.tests.Event31" tests="1" failures="0" timestamp="29 Apr 2016 01:09:49 GMT" time="10.397" errors="0">
  <testcase name="generateEvent31" time="10.397" classname="src.reg.tests.Event31"/>
</testsuite> <!-- src.reg.tests.Event31 -->
