<?xml version="1.0" encoding="UTF-8"?>
<!-- Generated by org.testng.reporters.JUnitReportReporter -->
<testsuite hostname="IE11Win7" name="src.reg.tests.AnalyticsTest" tests="2" failures="0" timestamp="29 Apr 2016 00:31:06 GMT" time="2.074" errors="0">
  <testcase name="signInStart" time="1.226" classname="src.reg.tests.AnalyticsTest"/>
  <testcase name="signInComplete" time="0.848" classname="src.reg.tests.AnalyticsTest"/>
</testsuite> <!-- src.reg.tests.AnalyticsTest -->
